<?xml version="1.0" encoding="UTF-8"?>
<!-- Generated by org.testng.reporters.JUnitReportReporter -->
<testsuite hostname="Swapnil" failures="0" tests="1" name="PageLayer.LoginPage" time="0.251" errors="0" timestamp="2022-11-30T13:39:34 IST" skipped="0">
  <testcase classname="PageLayer.LoginPage" name="login" time="0.251"/>
  <system-out/>
</testsuite> <!-- PageLayer.LoginPage -->
