<?xml version="1.0" encoding="UTF-8"?>
<!-- Generated by org.testng.reporters.JUnitReportReporter -->
<testsuite hostname="Swapnil" failures="0" tests="1" name="TestLayer.TestCogmento_one" time="0.368" errors="0" timestamp="2023-01-18T14:18:38 IST" skipped="0">
  <testcase classname="TestLayer.TestCogmento_one" name="login" time="0.368"/>
  <system-out/>
</testsuite> <!-- TestLayer.TestCogmento_one -->
